<?xml version="1.0" encoding="UTF-8"?>
<testng-results ignored="0" total="2" passed="2" failed="0" skipped="0">
  <reporter-output>
  </reporter-output>
  <suite started-at="2021-06-18T13:20:03 IST" name="com.apache.maven.TestA" finished-at="2021-06-18T13:20:03 IST" duration-ms="29">
    <groups>
    </groups>
    <test started-at="2021-06-18T13:20:03 IST" name="Command line test" finished-at="2021-06-18T13:20:03 IST" duration-ms="29">
      <class name="com.apache.maven.TestA">
        <test-method signature="method2()[pri:0, instance:com.apache.maven.TestA@4524411f]" started-at="2021-06-18T13:20:03 IST" name="method2" finished-at="2021-06-18T13:20:03 IST" duration-ms="4" status="PASS">
          <reporter-output>
          </reporter-output>
        </test-method> <!-- method2 -->
        <test-method signature="verifyHelloWorld()[pri:0, instance:com.apache.maven.TestA@4524411f]" started-at="2021-06-18T13:20:03 IST" name="verifyHelloWorld" finished-at="2021-06-18T13:20:03 IST" duration-ms="0" status="PASS">
          <reporter-output>
          </reporter-output>
        </test-method> <!-- verifyHelloWorld -->
      </class> <!-- com.apache.maven.TestA -->
    </test> <!-- Command line test -->
  </suite> <!-- com.apache.maven.TestA -->
</testng-results>
