<?xml version="1.0" encoding="UTF-8"?>
<testng-results ignored="0" total="1" passed="1" failed="0" skipped="0">
  <reporter-output>
  </reporter-output>
  <suite started-at="2021-06-18T12:09:16 IST" name="com.apache.maven.TestA" finished-at="2021-06-18T12:09:16 IST" duration-ms="39">
    <groups>
    </groups>
    <test started-at="2021-06-18T12:09:16 IST" name="Command line test" finished-at="2021-06-18T12:09:16 IST" duration-ms="39">
      <class name="com.apache.maven.TestA">
        <test-method signature="verifyHelloWorld()[pri:0, instance:com.apache.maven.TestA@192d3247]" started-at="2021-06-18T12:09:16 IST" name="verifyHelloWorld" finished-at="2021-06-18T12:09:16 IST" duration-ms="6" status="PASS">
          <reporter-output>
          </reporter-output>
        </test-method> <!-- verifyHelloWorld -->
      </class> <!-- com.apache.maven.TestA -->
    </test> <!-- Command line test -->
  </suite> <!-- com.apache.maven.TestA -->
</testng-results>
