<?xml version="1.0" encoding="UTF-8"?>
<testng-results ignored="0" total="1" passed="1" failed="0" skipped="0">
  <reporter-output>
  </reporter-output>
  <suite started-at="2021-06-18T12:09:40 IST" name="Default suite" finished-at="2021-06-18T12:09:40 IST" duration-ms="44">
    <groups>
    </groups>
    <test started-at="2021-06-18T12:09:40 IST" name="Default test" finished-at="2021-06-18T12:09:40 IST" duration-ms="44">
      <class name="com.apache.maven.TestA">
        <test-method signature="verifyHelloWorld()[pri:0, instance:com.apache.maven.TestA@14d3bc22]" started-at="2021-06-18T12:09:40 IST" name="verifyHelloWorld" finished-at="2021-06-18T12:09:40 IST" duration-ms="10" status="PASS">
          <reporter-output>
          </reporter-output>
        </test-method> <!-- verifyHelloWorld -->
      </class> <!-- com.apache.maven.TestA -->
    </test> <!-- Default test -->
  </suite> <!-- Default suite -->
</testng-results>
